2019/04/03 16:48:45 [info] 59744: 监听80端口成功!
2019/04/03 16:48:45 [notice] 59745: master process ./nginx 59745 【master进程】启动并开始运行......!
2019/04/03 16:48:46 [notice] 59746: worker process 59746 【worker进程】启动并开始运行......!
2019/04/03 21:12:28 [info] 99747: 监听80端口成功!
2019/04/03 21:12:28 [notice] 99749: master process ./nginx 00000000000185A5 【master进程】启动并开始运行......!
2019/04/03 21:12:29 [notice] 99751: worker process 99751 【worker进程】启动并开始运行......!
2019/04/03 21:12:29 [notice] 99750: worker process 99750 【worker进程】启动并开始运行......!
2019/04/03 21:12:57 [info] 100738: 监听80端口成功!
2019/04/03 21:12:57 [notice] 100739: master process ./nginxmaster 0000000000018983 【master进程】启动并开始运行......!
2019/04/03 21:12:58 [notice] 100741: worker process 100741 【worker进程】启动并开始运行......!
2019/04/03 21:12:58 [notice] 100740: worker process 100740 【worker进程】启动并开始运行......!
2019/04/06 16:32:58 [info] 99793: 监听80端口成功!
2019/04/06 16:32:58 [notice] 99794: master process ./nginx 00000000000185D2 【master进程】启动并开始运行......!
2019/04/06 16:32:59 [notice] 99796: worker process 99796 【worker进程】启动并开始运行......!
2019/04/06 16:32:59 [notice] 99795: worker process 99795 【worker进程】启动并开始运行......!
2019/04/06 20:46:27 [info] 96881: 监听80端口成功!
2019/04/06 20:46:27 [notice] 96882: master process ./nginx 0000000000017A72 【master进程】启动并开始运行......!
2019/04/06 20:46:28 [notice] 96883: worker process 96883 【worker进程】启动并开始运行......!
2019/04/06 20:46:28 [notice] 96884: worker process 96884 【worker进程】启动并开始运行......!
2019/04/06 21:17:47 [info] 36372: 监听80端口成功!
2019/04/06 21:17:47 [notice] 36374: master process ./nginx 0000000000008E16 【master进程】启动并开始运行......!
2019/04/06 21:17:49 [notice] 36375: worker process 36375 【worker进程】启动并开始运行......!
2019/04/06 21:17:49 [notice] 36376: worker process 36376 【worker进程】启动并开始运行......!
2019/04/06 21:19:27 [stderr] 36375: nginx: ------------------------------------begin--------------------------------------
2019/04/06 21:19:27 [stderr] 36376: nginx: ------------------------------------begin--------------------------------------
2019/04/06 21:19:27 [stderr] 36375: nginx: 当前在线人数/总人数(0/2048)。
2019/04/06 21:19:27 [stderr] 36376: nginx: 当前在线人数/总人数(1/2048)。
2019/04/06 21:19:27 [stderr] 36375: nginx: 连接池中空闲连接/总连接/要释放的连接(2047/2048/0)。
2019/04/06 21:19:27 [stderr] 36376: nginx: 连接池中空闲连接/总连接/要释放的连接(2046/2048/0)。
2019/04/06 21:19:27 [stderr] 36375: nginx: 当前时间队列大小(0)。
2019/04/06 21:19:27 [stderr] 36376: nginx: 当前时间队列大小(1)。
2019/04/06 21:19:27 [stderr] 36375: nginx: 当前收消息队列/发消息队列大小分别为(0/0)，丢弃的待发送数据包数量为0。
2019/04/06 21:19:27 [stderr] 36376: nginx: 当前收消息队列/发消息队列大小分别为(0/0)，丢弃的待发送数据包数量为0。
2019/04/06 21:19:27 [stderr] 36375: nginx: -------------------------------------end---------------------------------------
2019/04/06 21:19:27 [stderr] 36376: nginx: -------------------------------------end---------------------------------------
2019/04/06 21:19:38 [stderr] 36376: nginx: ------------------------------------begin--------------------------------------
2019/04/06 21:19:38 [stderr] 36376: nginx: 当前在线人数/总人数(1/2048)。
2019/04/06 21:19:38 [stderr] 36376: nginx: 连接池中空闲连接/总连接/要释放的连接(2046/2048/0)。
2019/04/06 21:19:38 [stderr] 36376: nginx: 当前时间队列大小(1)。
2019/04/06 21:19:38 [stderr] 36376: nginx: 当前收消息队列/发消息队列大小分别为(0/0)，丢弃的待发送数据包数量为0。
2019/04/06 21:19:38 [stderr] 36376: nginx: -------------------------------------end---------------------------------------
2019/04/06 21:19:48 [stderr] 36376: nginx: 心跳一次

2019/04/06 21:20:09 [stderr] 36376: nginx: 心跳一次

2019/04/06 21:20:30 [stderr] 36376: nginx: 心跳一次

2019/04/06 21:20:51 [stderr] 36376: nginx: 心跳一次

2019/04/06 21:23:49 [stderr] 36376: nginx: ------------------------------------begin--------------------------------------
2019/04/06 21:23:49 [stderr] 36376: nginx: 当前在线人数/总人数(1/2048)。
2019/04/06 21:23:49 [stderr] 36376: nginx: 连接池中空闲连接/总连接/要释放的连接(2046/2048/0)。
2019/04/06 21:23:49 [stderr] 36376: nginx: 当前时间队列大小(1)。
2019/04/06 21:23:49 [stderr] 36376: nginx: 当前收消息队列/发消息队列大小分别为(0/0)，丢弃的待发送数据包数量为0。
2019/04/06 21:23:49 [stderr] 36376: nginx: -------------------------------------end---------------------------------------
2019/04/06 21:24:10 [stderr] 36376: nginx: 心跳一次

2019/04/06 21:24:31 [stderr] 36376: nginx: 心跳一次

2019/04/06 21:24:52 [stderr] 36376: nginx: 心跳一次

2019/04/06 21:25:13 [stderr] 36376: nginx: 心跳一次

2019/04/06 21:27:39 [info] 59961: 监听80端口成功!
2019/04/06 21:27:39 [notice] 59962: master process ./nginx 000000000000EA3A 【master进程】启动并开始运行......!
2019/04/06 21:27:40 [notice] 59963: worker process 59963 【worker进程】启动并开始运行......!
2019/04/06 21:27:40 [notice] 59964: worker process 59964 【worker进程】启动并开始运行......!
2019/04/06 21:27:50 [stderr] 59964: nginx: ------------------------------------begin--------------------------------------
2019/04/06 21:27:50 [stderr] 59964: nginx: 当前在线人数/总人数(1/2048)。
2019/04/06 21:27:50 [stderr] 59964: nginx: 连接池中空闲连接/总连接/要释放的连接(2046/2048/0)。
2019/04/06 21:27:50 [stderr] 59964: nginx: 当前时间队列大小(1)。
2019/04/06 21:27:50 [stderr] 59964: nginx: 当前收消息队列/发消息队列大小分别为(0/0)，丢弃的待发送数据包数量为0。
2019/04/06 21:27:50 [stderr] 59964: nginx: -------------------------------------end---------------------------------------
2019/04/06 21:28:11 [stderr] 59964: nginx: 心跳一次

2019/04/06 21:28:32 [stderr] 59964: nginx: 心跳一次

2019/04/06 21:28:53 [stderr] 59964: nginx: 心跳一次

2019/04/06 21:29:14 [stderr] 59964: nginx: 心跳一次

2019/04/06 21:31:36 [info] 70325: 监听80端口成功!
2019/04/06 21:31:36 [notice] 70326: master process ./nginx 00000000000112B6 【master进程】启动并开始运行......!
2019/04/06 21:31:37 [notice] 70328: worker process 70328 【worker进程】启动并开始运行......!
2019/04/06 21:31:37 [notice] 70327: worker process 70327 【worker进程】启动并开始运行......!
2019/04/06 21:31:46 [stderr] 70327: nginx: ------------------------------------begin--------------------------------------
2019/04/06 21:31:46 [stderr] 70328: nginx: ------------------------------------begin--------------------------------------
2019/04/06 21:31:46 [stderr] 70327: nginx: 当前在线人数/总人数(0/2048)。
2019/04/06 21:31:46 [stderr] 70328: nginx: 当前在线人数/总人数(1/2048)。
2019/04/06 21:31:46 [stderr] 70327: nginx: 连接池中空闲连接/总连接/要释放的连接(2047/2048/0)。
2019/04/06 21:31:46 [stderr] 70328: nginx: 连接池中空闲连接/总连接/要释放的连接(2046/2048/0)。
2019/04/06 21:31:46 [stderr] 70327: nginx: 当前时间队列大小(0)。
2019/04/06 21:31:46 [stderr] 70328: nginx: 当前时间队列大小(1)。
2019/04/06 21:31:46 [stderr] 70327: nginx: 当前收消息队列/发消息队列大小分别为(0/0)，丢弃的待发送数据包数量为0。
2019/04/06 21:31:46 [stderr] 70328: nginx: 当前收消息队列/发消息队列大小分别为(0/0)，丢弃的待发送数据包数量为0。
2019/04/06 21:31:46 [stderr] 70327: nginx: -------------------------------------end---------------------------------------
2019/04/06 21:31:46 [stderr] 70328: nginx: -------------------------------------end---------------------------------------
2019/04/06 21:32:07 [stderr] 70328: nginx: 心跳一哈

2019/04/06 21:32:28 [stderr] 70328: nginx: 心跳一哈

2019/04/06 21:32:49 [stderr] 70328: nginx: 心跳一哈

2019/04/06 21:33:10 [stderr] 70328: nginx: 心跳一哈

2019/04/06 21:45:13 [info] 102229: 监听80端口成功!
2019/04/06 21:45:13 [notice] 102230: master process ./nginx 0000000000018F56 【master进程】启动并开始运行......!
2019/04/06 21:45:14 [notice] 102231: worker process 102231 【worker进程】启动并开始运行......!
2019/04/06 21:45:14 [notice] 102232: worker process 102232 【worker进程】启动并开始运行......!
2019/04/06 21:46:05 [info] 104483: 监听80端口成功!
2019/04/06 21:46:05 [notice] 104484: master process ./nginx 0000000000019824 【master进程】启动并开始运行......!
2019/04/06 21:46:06 [notice] 104485: worker process 104485 【worker进程】启动并开始运行......!
2019/04/06 21:46:06 [notice] 104486: worker process 104486 【worker进程】启动并开始运行......!
2019/04/06 21:46:11 [stderr] 104486: nginx: ------------------------------------begin--------------------------------------
2019/04/06 21:46:11 [stderr] 104486: nginx: 当前在线人数/总人数(1/2048)。
2019/04/06 21:46:11 [stderr] 104486: nginx: 连接池中空闲连接/总连接/要释放的连接(2046/2048/0)。
2019/04/06 21:46:11 [stderr] 104486: nginx: 当前时间队列大小(1)。
2019/04/06 21:46:11 [stderr] 104486: nginx: 当前收消息队列/发消息队列大小分别为(0/0)，丢弃的待发送数据包数量为0。
2019/04/06 21:46:11 [stderr] 104486: nginx: -------------------------------------end---------------------------------------
2019/04/06 21:46:32 [stderr] 104486: nginx: P7CSocket

2019/04/06 21:46:53 [stderr] 104486: nginx: P7CSocket

2019/04/06 21:47:14 [stderr] 104486: nginx: P7CSocket

2019/04/06 21:47:35 [stderr] 104486: nginx: P7CSocket

2019/04/06 21:52:46 [info] 121222: 监听80端口成功!
2019/04/06 21:52:46 [notice] 121223: master process ./nginx 000000000001D987 【master进程】启动并开始运行......!
2019/04/06 21:52:47 [stderr] 121225: nginx: kankan 12CLogicSocket 
2019/04/06 21:52:47 [stderr] 121224: nginx: kankan 12CLogicSocket 
2019/04/06 21:52:47 [stderr] 121225: nginx: kankan P7CSocket 
2019/04/06 21:52:47 [stderr] 121224: nginx: kankan P7CSocket 
2019/04/06 21:52:47 [notice] 121225: worker process 121225 【worker进程】启动并开始运行......!
2019/04/06 21:52:47 [notice] 121224: worker process 121224 【worker进程】启动并开始运行......!
2019/04/06 21:54:35 [info] 125489: 监听80端口成功!
2019/04/06 21:54:35 [notice] 125490: master process ./nginx 000000000001EA32 【master进程】启动并开始运行......!
2019/04/06 21:54:36 [stderr] 125492: nginx: kankan 12CLogicSocket 
2019/04/06 21:54:36 [stderr] 125492: nginx: kankan P7CSocket 
2019/04/06 21:54:36 [stderr] 125491: nginx: kankan 12CLogicSocket 
2019/04/06 21:54:36 [stderr] 125491: nginx: kankan P7CSocket 
2019/04/06 21:54:36 [notice] 125492: worker process 125492 【worker进程】启动并开始运行......!
2019/04/06 21:54:36 [notice] 125491: worker process 125491 【worker进程】启动并开始运行......!
2019/04/06 21:56:00 [info] 129232: 监听80端口成功!
2019/04/06 21:56:00 [notice] 129233: master process ./nginx 000000000001F8D1 【master进程】启动并开始运行......!
2019/04/06 21:56:01 [stderr] 129234: nginx: kankan 12CLogicSocket 
2019/04/06 21:56:01 [stderr] 129235: nginx: kankan 12CLogicSocket 
2019/04/06 21:56:01 [notice] 129234: worker process 129234 【worker进程】启动并开始运行......!
2019/04/06 21:56:01 [notice] 129235: worker process 129235 【worker进程】启动并开始运行......!
2019/04/07 15:02:33 [info] 10976: 监听80端口成功!
2019/04/07 15:02:33 [notice] 10977: master process ./nginx 0000000000002AE1 【master进程】启动并开始运行......!
2019/04/07 15:02:34 [notice] 10978: worker process 0000000000002AE2 【worker进程】启动并开始运行......!
2019/04/07 15:02:34 [notice] 10979: worker process 0000000000002AE3 【worker进程】启动并开始运行......!
2019/04/07 15:02:44 [stderr] 10979: nginx: ------------------------------------begin--------------------------------------
2019/04/07 15:02:44 [stderr] 10978: nginx: ------------------------------------begin--------------------------------------
2019/04/07 15:02:44 [stderr] 10979: nginx: 当前在线人数/总人数(0/2048)。
2019/04/07 15:02:44 [stderr] 10978: nginx: 当前在线人数/总人数(1/2048)。
2019/04/07 15:02:44 [stderr] 10978: nginx: 连接池中空闲连接/总连接/要释放的连接(2046/2048/0)。
2019/04/07 15:02:44 [stderr] 10978: nginx: 当前时间队列大小(1)。
2019/04/07 15:02:44 [stderr] 10978: nginx: 当前收消息队列/发消息队列大小分别为(0/0)，丢弃的待发送数据包数量为0。
2019/04/07 15:02:44 [stderr] 10978: nginx: -------------------------------------end---------------------------------------
2019/04/07 15:02:44 [stderr] 10979: nginx: 连接池中空闲连接/总连接/要释放的连接(2047/2048/0)。
2019/04/07 15:02:44 [stderr] 10979: nginx: 当前时间队列大小(0)。
2019/04/07 15:02:44 [stderr] 10979: nginx: 当前收消息队列/发消息队列大小分别为(0/0)，丢弃的待发送数据包数量为0。
2019/04/07 15:02:44 [stderr] 10979: nginx: -------------------------------------end---------------------------------------
2019/04/07 15:12:16 [stderr] 10979: nginx: ------------------------------------begin--------------------------------------
2019/04/07 15:12:16 [stderr] 10979: nginx: 当前在线人数/总人数(1/2048)。
2019/04/07 15:12:16 [stderr] 10979: nginx: 连接池中空闲连接/总连接/要释放的连接(2046/2048/0)。
2019/04/07 15:12:16 [stderr] 10979: nginx: 当前时间队列大小(1)。
2019/04/07 15:12:16 [stderr] 10979: nginx: 当前收消息队列/发消息队列大小分别为(0/0)，丢弃的待发送数据包数量为0。
2019/04/07 15:12:16 [stderr] 10979: nginx: -------------------------------------end---------------------------------------
2019/04/07 15:12:30 [stderr] 10978: nginx: ------------------------------------begin--------------------------------------
2019/04/07 15:12:30 [stderr] 10978: nginx: 当前在线人数/总人数(1/2048)。
2019/04/07 15:12:30 [stderr] 10978: nginx: 连接池中空闲连接/总连接/要释放的连接(2046/2048/0)。
2019/04/07 15:12:30 [stderr] 10978: nginx: 当前时间队列大小(1)。
2019/04/07 15:12:30 [stderr] 10978: nginx: 当前收消息队列/发消息队列大小分别为(0/0)，丢弃的待发送数据包数量为0。
2019/04/07 15:12:30 [stderr] 10978: nginx: -------------------------------------end---------------------------------------
2019/04/07 15:14:30 [stderr] 10979: nginx: ------------------------------------begin--------------------------------------
2019/04/07 15:14:30 [stderr] 10978: nginx: ------------------------------------begin--------------------------------------
2019/04/07 15:14:30 [stderr] 10978: nginx: 当前在线人数/总人数(1/2048)。
2019/04/07 15:14:30 [stderr] 10979: nginx: 当前在线人数/总人数(0/2048)。
2019/04/07 15:14:30 [stderr] 10978: nginx: 连接池中空闲连接/总连接/要释放的连接(2045/2048/1)。
2019/04/07 15:14:30 [stderr] 10978: nginx: 当前时间队列大小(1)。
2019/04/07 15:14:30 [stderr] 10978: nginx: 当前收消息队列/发消息队列大小分别为(0/0)，丢弃的待发送数据包数量为0。
2019/04/07 15:14:30 [stderr] 10978: nginx: -------------------------------------end---------------------------------------
2019/04/07 15:14:30 [stderr] 10979: nginx: 连接池中空闲连接/总连接/要释放的连接(2046/2048/1)。
2019/04/07 15:14:30 [stderr] 10979: nginx: 当前时间队列大小(0)。
2019/04/07 15:14:30 [stderr] 10979: nginx: 当前收消息队列/发消息队列大小分别为(0/0)，丢弃的待发送数据包数量为0。
2019/04/07 15:14:30 [stderr] 10979: nginx: -------------------------------------end---------------------------------------
2019/04/07 15:14:34 [stderr] 10979: nginx: 还在10s内
2019/04/08 19:13:11 [info] 29309: 监听80端口成功!
2019/04/08 19:13:11 [notice] 29310: master process ./nginx 000000000000727E 【master进程】启动并开始运行......!
2019/04/08 19:13:12 [notice] 29312: worker process 0000000000007280 【worker进程】启动并开始运行......!
2019/04/08 19:13:12 [notice] 29311: worker process 000000000000727F 【worker进程】启动并开始运行......!
2019/04/08 19:17:33 [stderr] 29312: nginx: ------------------------------------begin--------------------------------------
2019/04/08 19:17:33 [stderr] 29311: nginx: ------------------------------------begin--------------------------------------
2019/04/08 19:17:33 [stderr] 29312: nginx: 当前在线人数/总人数(0/2048)。
2019/04/08 19:17:33 [stderr] 29311: nginx: 当前在线人数/总人数(1/2048)。
2019/04/08 19:17:33 [stderr] 29311: nginx: 连接池中空闲连接/总连接/要释放的连接(2046/2048/0)。
2019/04/08 19:17:33 [stderr] 29311: nginx: 当前时间队列大小(1)。
2019/04/08 19:17:33 [stderr] 29312: nginx: 连接池中空闲连接/总连接/要释放的连接(2047/2048/0)。
2019/04/08 19:17:33 [stderr] 29311: nginx: 当前收消息队列/发消息队列大小分别为(0/0)，丢弃的待发送数据包数量为0。
2019/04/08 19:17:33 [stderr] 29312: nginx: 当前时间队列大小(0)。
2019/04/08 19:17:33 [stderr] 29311: nginx: -------------------------------------end---------------------------------------
2019/04/08 19:17:33 [stderr] 29312: nginx: 当前收消息队列/发消息队列大小分别为(0/0)，丢弃的待发送数据包数量为0。
2019/04/08 19:17:33 [stderr] 29312: nginx: -------------------------------------end---------------------------------------
2019/04/08 19:17:46 [stderr] 29311: nginx: ------------------------------------begin--------------------------------------
2019/04/08 19:17:46 [stderr] 29311: nginx: 当前在线人数/总人数(0/2048)。
2019/04/08 19:17:46 [stderr] 29311: nginx: 连接池中空闲连接/总连接/要释放的连接(2046/2048/1)。
2019/04/08 19:17:46 [stderr] 29311: nginx: 当前时间队列大小(0)。
2019/04/08 19:17:46 [stderr] 29311: nginx: 当前收消息队列/发消息队列大小分别为(0/0)，丢弃的待发送数据包数量为0。
2019/04/08 19:17:46 [stderr] 29311: nginx: -------------------------------------end---------------------------------------
2019/04/08 19:17:51 [stderr] 29312: nginx: ------------------------------------begin--------------------------------------
2019/04/08 19:17:51 [stderr] 29312: nginx: 当前在线人数/总人数(0/2048)。
2019/04/08 19:17:51 [stderr] 29312: nginx: 连接池中空闲连接/总连接/要释放的连接(2047/2048/0)。
2019/04/08 19:17:51 [stderr] 29312: nginx: 当前时间队列大小(0)。
2019/04/08 19:17:51 [stderr] 29312: nginx: 当前收消息队列/发消息队列大小分别为(0/0)，丢弃的待发送数据包数量为0。
2019/04/08 19:17:51 [stderr] 29312: nginx: -------------------------------------end---------------------------------------
2019/04/08 19:19:12 [stderr] 29312: nginx: ------------------------------------begin--------------------------------------
2019/04/08 19:19:12 [stderr] 29311: nginx: ------------------------------------begin--------------------------------------
2019/04/08 19:19:12 [stderr] 29312: nginx: 当前在线人数/总人数(0/2048)。
2019/04/08 19:19:12 [stderr] 29311: nginx: 当前在线人数/总人数(1/2048)。
2019/04/08 19:19:12 [stderr] 29312: nginx: 连接池中空闲连接/总连接/要释放的连接(2047/2048/0)。
2019/04/08 19:19:12 [stderr] 29312: nginx: 当前时间队列大小(0)。
2019/04/08 19:19:12 [stderr] 29312: nginx: 当前收消息队列/发消息队列大小分别为(0/0)，丢弃的待发送数据包数量为0。
2019/04/08 19:19:12 [stderr] 29311: nginx: 连接池中空闲连接/总连接/要释放的连接(2043/2048/3)。
2019/04/08 19:19:12 [stderr] 29312: nginx: -------------------------------------end---------------------------------------
2019/04/08 19:19:12 [stderr] 29311: nginx: 当前时间队列大小(1)。
2019/04/08 19:19:12 [stderr] 29311: nginx: 当前收消息队列/发消息队列大小分别为(0/0)，丢弃的待发送数据包数量为0。
2019/04/08 19:19:12 [stderr] 29311: nginx: -------------------------------------end---------------------------------------
2019/04/08 19:19:23 [stderr] 29312: nginx: ------------------------------------begin--------------------------------------
2019/04/08 19:19:23 [stderr] 29311: nginx: ------------------------------------begin--------------------------------------
2019/04/08 19:19:23 [stderr] 29312: nginx: 当前在线人数/总人数(0/2048)。
2019/04/08 19:19:23 [stderr] 29311: nginx: 当前在线人数/总人数(1/2048)。
2019/04/08 19:19:23 [stderr] 29311: nginx: 连接池中空闲连接/总连接/要释放的连接(2044/2048/2)。
2019/04/08 19:19:23 [stderr] 29311: nginx: 当前时间队列大小(1)。
2019/04/08 19:19:23 [stderr] 29311: nginx: 当前收消息队列/发消息队列大小分别为(0/0)，丢弃的待发送数据包数量为0。
2019/04/08 19:19:23 [stderr] 29311: nginx: -------------------------------------end---------------------------------------
2019/04/08 19:19:23 [stderr] 29312: nginx: 连接池中空闲连接/总连接/要释放的连接(2047/2048/0)。
2019/04/08 19:19:23 [stderr] 29312: nginx: 当前时间队列大小(0)。
2019/04/08 19:19:23 [stderr] 29312: nginx: 当前收消息队列/发消息队列大小分别为(0/0)，丢弃的待发送数据包数量为0。
2019/04/08 19:19:23 [stderr] 29312: nginx: -------------------------------------end---------------------------------------
2019/04/08 19:19:34 [stderr] 29311: nginx: ------------------------------------begin--------------------------------------
2019/04/08 19:19:34 [stderr] 29311: nginx: 当前在线人数/总人数(1/2048)。
2019/04/08 19:19:34 [stderr] 29311: nginx: 连接池中空闲连接/总连接/要释放的连接(2044/2048/2)。
2019/04/08 19:19:34 [stderr] 29311: nginx: 当前时间队列大小(1)。
2019/04/08 19:19:34 [stderr] 29311: nginx: 当前收消息队列/发消息队列大小分别为(0/0)，丢弃的待发送数据包数量为0。
2019/04/08 19:19:34 [stderr] 29311: nginx: -------------------------------------end---------------------------------------
